nohup: ignoring input
running processes...
2022-06-04T00:00:00.000Z
Set(2) { 'lineRT', 'lineST' }
mongo connected
zone10
zone12
zone11
finished:  undefined
skipping:  11600
skipping:  11500
skipping:  11400
skipping:  11300
skipping:  11200
skipping:  11100
skipping:  11000
skipping:  10900
skipping:  10800
skipping:  10700
skipping:  10600
skipping:  10500
skipping:  10400
skipping:  10300
skipping:  10200
skipping:  10100
skipping:  10000
skipping:  9900
skipping:  9800
skipping:  9700
skipping:  9600
skipping:  9500
skipping:  9400
skipping:  9300
skipping:  9200
skipping:  9100
skipping:  9000
skipping:  8900
skipping:  8800
skipping:  8700
skipping:  8600
skipping:  8500
skipping:  8400
skipping:  8300
skipping:  8200
skipping:  8100
skipping:  8000
skipping:  7900
skipping:  7800
skipping:  7700
skipping:  7600
skipping:  7500
skipping:  7400
skipping:  7300
skipping:  7200
skipping:  7100
skipping:  7000
skipping:  6900
skipping:  6800
skipping:  6700
skipping:  6600
skipping:  6500
skipping:  6400
skipping:  6300
skipping:  6200
skipping:  6100
skipping:  6000
skipping:  5900
skipping:  5800
skipping:  5700
skipping:  5600
skipping:  5500
skipping:  5400
skipping:  5300
skipping:  5200
skipping:  5100
skipping:  5000
skipping:  4900
skipping:  4800
skipping:  4700
skipping:  4600
skipping:  4500
skipping:  4400
skipping:  4300
skipping:  4200
skipping:  4100
skipping:  4000
skipping:  3900
skipping:  3800
skipping:  3700
skipping:  3600
skipping:  3500
skipping:  3400
skipping:  3300
skipping:  3200
skipping:  3100
skipping:  3000
skipping:  2900
skipping:  2800
skipping:  2700
skipping:  2600
skipping:  2500
skipping:  2400
skipping:  2300
skipping:  2200
skipping:  2100
skipping:  2000
skipping:  1900
skipping:  1800
skipping:  1700
skipping:  1600
skipping:  1500
skipping:  1400
skipping:  1300
skipping:  1200
skipping:  1100
skipping:  1000
skipping:  900
skipping:  800
skipping:  700
skipping:  600
skipping:  500
skipping:  400
skipping:  300
skipping:  200
skipping:  100
skipping:  99
skipping:  98
skipping:  97
skipping:  96
skipping:  95
skipping:  94
skipping:  93
skipping:  92
skipping:  91
skipping:  90
skipping:  89
skipping:  88
skipping:  87
skipping:  86
skipping:  85
skipping:  84
skipping:  83
skipping:  82
skipping:  81
skipping:  80
skipping:  79
skipping:  78
skipping:  77
skipping:  76
skipping:  75
skipping:  74
skipping:  73
skipping:  72
skipping:  71
skipping:  70
skipping:  69
skipping:  68
skipping:  67
skipping:  66
skipping:  65
skipping:  64
skipping:  63
skipping:  62
skipping:  61
skipping:  60
skipping:  59
skipping:  58
skipping:  57
skipping:  56
skipping:  55
skipping:  54
skipping:  53
skipping:  52
skipping:  51
skipping:  50
skipping:  49
skipping:  48
skipping:  47
skipping:  46
skipping:  45
skipping:  44
skipping:  43
skipping:  42
skipping:  41
skipping:  40
skipping:  39
skipping:  38
skipping:  37
skipping:  36
skipping:  35
skipping:  34
skipping:  33
skipping:  32
skipping:  31
skipping:  30
skipping:  29
skipping:  28
skipping:  27
skipping:  26
skipping:  25
skipping:  24
skipping:  23
skipping:  22
skipping:  21
skipping:  20
skipping:  19
skipping:  18
skipping:  17
skipping:  16
skipping:  15
skipping:  14
skipping:  13
skipping:  12
skipping:  11
skipping:  10
skipping:  9
skipping:  8
skipping:  7
skipping:  6
skipping:  5
skipping:  4
skipping:  3
skipping:  2
skipping:  1
skipping:  0
nohup: ignoring input
running processes...
2022-06-04T00:00:00.000Z
Set(2) { 'lineRT', 'lineST' }
mongo connected
zone12
zone10
zone11
finished:  undefined
skipping:  11600
skipping:  11500
skipping:  11400
skipping:  11300
skipping:  11200
skipping:  11100
skipping:  11000
skipping:  10900
skipping:  10800
skipping:  10700
skipping:  10600
skipping:  10500
skipping:  10400
skipping:  10300
skipping:  10200
skipping:  10100
skipping:  10000
skipping:  9900
skipping:  9800
skipping:  9700
skipping:  9600
skipping:  9500
skipping:  9400
skipping:  9300
skipping:  9200
skipping:  9100
skipping:  9000
skipping:  8900
skipping:  8800
skipping:  8700
skipping:  8600
skipping:  8500
skipping:  8400
skipping:  8300
skipping:  8200
skipping:  8100
skipping:  8000
skipping:  7900
skipping:  7800
skipping:  7700
skipping:  7600
skipping:  7500
skipping:  7400
skipping:  7300
skipping:  7200
skipping:  7100
skipping:  7000
skipping:  6900
skipping:  6800
skipping:  6700
skipping:  6600
skipping:  6500
skipping:  6400
skipping:  6300
skipping:  6200
skipping:  6100
skipping:  6000
skipping:  5900
skipping:  5800
skipping:  5700
skipping:  5600
skipping:  5500
skipping:  5400
skipping:  5300
skipping:  5200
skipping:  5100
skipping:  5000
skipping:  4900
skipping:  4800
skipping:  4700
skipping:  4600
skipping:  4500
skipping:  4400
skipping:  4300
skipping:  4200
skipping:  4100
skipping:  4000
skipping:  3900
skipping:  3800
skipping:  3700
skipping:  3600
skipping:  3500
skipping:  3400
skipping:  3300
skipping:  3200
skipping:  3100
skipping:  3000
skipping:  2900
skipping:  2800
skipping:  2700
skipping:  2600
skipping:  2500
skipping:  2400
skipping:  2300
skipping:  2200
skipping:  2100
skipping:  2000
skipping:  1900
skipping:  1800
skipping:  1700
skipping:  1600
skipping:  1500
skipping:  1400
skipping:  1300
skipping:  1200
skipping:  1100
skipping:  1000
skipping:  900
skipping:  800
skipping:  700
skipping:  600
skipping:  500
skipping:  400
skipping:  300
skipping:  200
skipping:  100
skipping:  99
skipping:  98
skipping:  97
skipping:  96
skipping:  95
skipping:  94
skipping:  93
skipping:  92
skipping:  91
skipping:  90
skipping:  89
skipping:  88
skipping:  87
skipping:  86
skipping:  85
skipping:  84
skipping:  83
skipping:  82
skipping:  81
skipping:  80
skipping:  79
skipping:  78
skipping:  77
skipping:  76
skipping:  75
skipping:  74
skipping:  73
skipping:  72
skipping:  71
skipping:  70
skipping:  69
skipping:  68
skipping:  67
skipping:  66
skipping:  65
skipping:  64
skipping:  63
skipping:  62
skipping:  61
skipping:  60
skipping:  59
skipping:  58
skipping:  57
skipping:  56
skipping:  55
skipping:  54
skipping:  53
skipping:  52
skipping:  51
skipping:  50
skipping:  49
skipping:  48
skipping:  47
skipping:  46
skipping:  45
skipping:  44
skipping:  43
skipping:  42
skipping:  41
skipping:  40
skipping:  39
skipping:  38
skipping:  37
skipping:  36
skipping:  35
skipping:  34
skipping:  33
skipping:  32
skipping:  31
skipping:  30
skipping:  29
skipping:  28
skipping:  27
skipping:  26
skipping:  25
skipping:  24
skipping:  23
skipping:  22
skipping:  21
skipping:  20
skipping:  19
skipping:  18
skipping:  17
skipping:  16
skipping:  15
skipping:  14
skipping:  13
skipping:  12
skipping:  11
skipping:  10
skipping:  9
skipping:  8
skipping:  7
skipping:  6
skipping:  5
skipping:  4
skipping:  3
skipping:  2
skipping:  1
skipping:  0
nohup: ignoring input
running processes...
2022-06-04T00:00:00.000Z
Set(2) { 'lineRT', 'lineST' }
mongo connected
zone12
zone10
zone11
finished:  undefined
skipping:  11600
skipping:  11500
skipping:  11400
skipping:  11300
skipping:  11200
skipping:  11100
skipping:  11000
skipping:  10900
skipping:  10800
skipping:  10700
skipping:  10600
skipping:  10500
skipping:  10400
skipping:  10300
skipping:  10200
skipping:  10100
skipping:  10000
skipping:  9900
skipping:  9800
skipping:  9700
skipping:  9600
skipping:  9500
skipping:  9400
skipping:  9300
skipping:  9200
skipping:  9100
skipping:  9000
skipping:  8900
skipping:  8800
skipping:  8700
skipping:  8600
skipping:  8500
skipping:  8400
skipping:  8300
skipping:  8200
skipping:  8100
skipping:  8000
skipping:  7900
skipping:  7800
skipping:  7700
skipping:  7600
skipping:  7500
skipping:  7400
skipping:  7300
skipping:  7200
skipping:  7100
skipping:  7000
skipping:  6900
skipping:  6800
skipping:  6700
skipping:  6600
skipping:  6500
skipping:  6400
skipping:  6300
skipping:  6200
skipping:  6100
skipping:  6000
skipping:  5900
skipping:  5800
skipping:  5700
skipping:  5600
skipping:  5500
skipping:  5400
skipping:  5300
skipping:  5200
skipping:  5100
skipping:  5000
skipping:  4900
skipping:  4800
skipping:  4700
skipping:  4600
skipping:  4500
skipping:  4400
skipping:  4300
skipping:  4200
skipping:  4100
skipping:  4000
skipping:  3900
skipping:  3800
skipping:  3700
skipping:  3600
skipping:  3500
skipping:  3400
skipping:  3300
skipping:  3200
skipping:  3100
skipping:  3000
skipping:  2900
skipping:  2800
skipping:  2700
skipping:  2600
skipping:  2500
skipping:  2400
skipping:  2300
skipping:  2200
skipping:  2100
skipping:  2000
skipping:  1900
skipping:  1800
skipping:  1700
skipping:  1600
skipping:  1500
skipping:  1400
skipping:  1300
skipping:  1200
skipping:  1100
skipping:  1000
skipping:  900
skipping:  800
skipping:  700
skipping:  600
skipping:  500
skipping:  400
skipping:  300
skipping:  200
skipping:  100
skipping:  99
skipping:  98
skipping:  97
skipping:  96
skipping:  95
skipping:  94
skipping:  93
skipping:  92
skipping:  91
skipping:  90
skipping:  89
skipping:  88
skipping:  87
skipping:  86
skipping:  85
skipping:  84
skipping:  83
skipping:  82
skipping:  81
skipping:  80
skipping:  79
skipping:  78
skipping:  77
skipping:  76
skipping:  75
skipping:  74
skipping:  73
skipping:  72
skipping:  71
skipping:  70
skipping:  69
skipping:  68
skipping:  67
skipping:  66
skipping:  65
skipping:  64
skipping:  63
skipping:  62
skipping:  61
skipping:  60
skipping:  59
skipping:  58
skipping:  57
skipping:  56
skipping:  55
skipping:  54
skipping:  53
skipping:  52
skipping:  51
skipping:  50
skipping:  49
skipping:  48
skipping:  47
skipping:  46
skipping:  45
skipping:  44
skipping:  43
skipping:  42
skipping:  41
skipping:  40
skipping:  39
skipping:  38
skipping:  37
skipping:  36
skipping:  35
skipping:  34
skipping:  33
skipping:  32
skipping:  31
skipping:  30
skipping:  29
skipping:  28
skipping:  27
skipping:  26
skipping:  25
skipping:  24
skipping:  23
skipping:  22
skipping:  21
skipping:  20
skipping:  19
skipping:  18
skipping:  17
skipping:  16
skipping:  15
skipping:  14
skipping:  13
skipping:  12
skipping:  11
skipping:  10
skipping:  9
skipping:  8
skipping:  7
skipping:  6
skipping:  5
skipping:  4
skipping:  3
skipping:  2
skipping:  1
skipping:  0
